* installing *source* package ‘dscore’ ...
** using staged installation
** libs
/usr/local/opt/llvm/bin/clang++ -std=gnu++11 -I"/Library/Frameworks/R.framework/Resources/include" -DNDEBUG  -I"/Library/Frameworks/R.framework/Versions/3.6/Resources/library/Rcpp/include" -I"/Library/Frameworks/R.framework/Versions/3.6/Resources/library/RcppArmadillo/include" -isysroot /Library/Developer/CommandLineTools/SDKs/MacOSX.sdk -I/usr/local/include -fopenmp  -fPIC  -Wall -g -O2  -c RcppExports.cpp -o RcppExports.o
/usr/local/opt/llvm/bin/clang++ -std=gnu++11 -I"/Library/Frameworks/R.framework/Resources/include" -DNDEBUG  -I"/Library/Frameworks/R.framework/Versions/3.6/Resources/library/Rcpp/include" -I"/Library/Frameworks/R.framework/Versions/3.6/Resources/library/RcppArmadillo/include" -isysroot /Library/Developer/CommandLineTools/SDKs/MacOSX.sdk -I/usr/local/include -fopenmp  -fPIC  -Wall -g -O2  -c dscore.cpp -o dscore.o
/usr/local/opt/llvm/bin/clang++ -std=gnu++11 -dynamiclib -Wl,-headerpad_max_install_names -undefined dynamic_lookup -single_module -multiply_defined suppress -L/Library/Frameworks/R.framework/Resources/lib -L/usr/local/lib -o dscore.so RcppExports.o dscore.o -fopenmp -L/Library/Frameworks/R.framework/Resources/lib -lRlapack -L/Library/Frameworks/R.framework/Resources/lib -lRblas -L/usr/local/gfortran/lib/gcc/x86_64-apple-darwin15/6.1.0 -L/usr/local/gfortran/lib -lgfortran -lquadmath -lm -F/Library/Frameworks/R.framework/.. -framework R -Wl,-framework -Wl,CoreFoundation
installing to /Users/buurensv/Dropbox/Package/dscore/dscore/dscore.Rcheck/00LOCK-dscore/00new/dscore/libs
** R
** data
*** moving datasets to lazyload DB
** inst
** byte-compile and prepare package for lazy loading
** help
*** installing help indices
*** copying figures
** building package indices
** installing vignettes
** testing if installed package can be loaded from temporary location
** checking absolute paths in shared objects and dynamic libraries
** testing if installed package can be loaded from final location
** testing if installed package keeps a record of temporary installation path
* DONE (dscore)
