Hmm ... looks like a package

This is pdfTeX, Version 3.14159265-2.6-1.40.20 (TeX Live 2019) (preloaded format=pdflatex)
 restricted \write18 enabled.
entering extended mode
LaTeX2e <2018-12-01>
(./Rd2.tex
(/usr/local/texlive/2019/texmf-dist/tex/latex/base/book.cls
Document Class: book 2018/09/03 v1.4i Standard LaTeX document class
(/usr/local/texlive/2019/texmf-dist/tex/latex/base/bk10.clo))
(/Library/Frameworks/R.framework/Resources/share/texmf/tex/latex/Rd.sty
(/usr/local/texlive/2019/texmf-dist/tex/latex/base/ifthen.sty)
(/usr/local/texlive/2019/texmf-dist/tex/latex/tools/longtable.sty)
(/usr/local/texlive/2019/texmf-dist/tex/latex/tools/bm.sty)
(/usr/local/texlive/2019/texmf-dist/tex/latex/base/alltt.sty)
(/usr/local/texlive/2019/texmf-dist/tex/latex/tools/verbatim.sty)
(/usr/local/texlive/2019/texmf-dist/tex/latex/url/url.sty)
(/usr/local/texlive/2019/texmf-dist/tex/latex/base/textcomp.sty
(/usr/local/texlive/2019/texmf-dist/tex/latex/base/ts1enc.def
(/usr/local/texlive/2019/texmf-dist/tex/latex/base/ts1enc.dfu)))
(/usr/local/texlive/2019/texmf-dist/tex/latex/base/fontenc.sty
(/usr/local/texlive/2019/texmf-dist/tex/latex/base/t1enc.def))
(/usr/local/texlive/2019/texmf-dist/tex/latex/psnfss/times.sty)
(/usr/local/texlive/2019/texmf-dist/tex/latex/inconsolata/zi4.sty
`inconsolata-zi4' v1.112, 2017/01/04 Text macros for Inconsolata (msharpe)
(/usr/local/texlive/2019/texmf-dist/tex/latex/xkeyval/xkeyval.sty
(/usr/local/texlive/2019/texmf-dist/tex/generic/xkeyval/xkeyval.tex
(/usr/local/texlive/2019/texmf-dist/tex/generic/xkeyval/xkvutils.tex
(/usr/local/texlive/2019/texmf-dist/tex/generic/xkeyval/keyval.tex)))))
(/usr/local/texlive/2019/texmf-dist/tex/latex/graphics/color.sty
(/usr/local/texlive/2019/texmf-dist/tex/latex/graphics-cfg/color.cfg)
(/usr/local/texlive/2019/texmf-dist/tex/latex/graphics-def/pdftex.def))
(/usr/local/texlive/2019/texmf-dist/tex/latex/hyperref/hyperref.sty
(/usr/local/texlive/2019/texmf-dist/tex/generic/oberdiek/hobsub-hyperref.sty
(/usr/local/texlive/2019/texmf-dist/tex/generic/oberdiek/hobsub-generic.sty))
(/usr/local/texlive/2019/texmf-dist/tex/generic/ifxetex/ifxetex.sty)
(/usr/local/texlive/2019/texmf-dist/tex/latex/oberdiek/auxhook.sty)
(/usr/local/texlive/2019/texmf-dist/tex/latex/oberdiek/kvoptions.sty)
(/usr/local/texlive/2019/texmf-dist/tex/latex/hyperref/pd1enc.def)
(/usr/local/texlive/2019/texmf-dist/tex/latex/latexconfig/hyperref.cfg))
(/usr/local/texlive/2019/texmf-dist/tex/latex/hyperref/hpdftex.def
(/usr/local/texlive/2019/texmf-dist/tex/latex/oberdiek/rerunfilecheck.sty))

Package hyperref Warning: Option `hyperindex' has already been used,
(hyperref)                setting the option has no effect on input line 377.


Package hyperref Warning: Option `pagebackref' has already been used,
(hyperref)                setting the option has no effect on input line 377.

) (/usr/local/texlive/2019/texmf-dist/tex/latex/base/makeidx.sty)
(/usr/local/texlive/2019/texmf-dist/tex/latex/base/inputenc.sty)
Writing index file Rd2.idx
No file Rd2.aux.
(/usr/local/texlive/2019/texmf-dist/tex/latex/base/ts1cmr.fd)
(/usr/local/texlive/2019/texmf-dist/tex/latex/psnfss/t1ptm.fd)
(/usr/local/texlive/2019/texmf-dist/tex/context/base/mkii/supp-pdf.mkii
[Loading MPS to PDF converter (version 2006.09.02).]
) (/usr/local/texlive/2019/texmf-dist/tex/latex/hyperref/nameref.sty
(/usr/local/texlive/2019/texmf-dist/tex/generic/oberdiek/gettitlestring.sty))
(/usr/local/texlive/2019/texmf-dist/tex/latex/inconsolata/t1zi4.fd)
(/usr/local/texlive/2019/texmf-dist/tex/latex/psnfss/t1phv.fd) [1{/usr/local/te
xlive/2019/texmf-var/fonts/map/pdftex/updmap/pdftex.map}]
Overfull \hbox (346.59799pt too wide) in alignment at lines 91--91
 [] [] 

Overfull \hbox (3.71786pt too wide) in paragraph at lines 101--118
\T1/ptm/m/n/10 Rubio-Codina, Nor-bert Schady, Lim-bika Sen-gani, Chris Sud-feld
, Mar-cus Wald-man, Su-san P. Walker,
[2]
Overfull \vbox (25.12605pt too high) has occurred while \output is active
[3] [4] [5] [6] [7]
Overfull \hbox (24.37766pt too wide) in paragraph at lines 443--447
[]\T1/ptm/m/n/10 A \T1/zi4/m/n/10 data.frame \T1/ptm/m/n/10 with the LMS ref-er
-ence val-ues. The de-fault uses the \T1/zi4/m/n/10 get_reference()
[8]
Overfull \hbox (24.78088pt too wide) in paragraph at lines 535--536
[][][]$\T1/zi4/m/n/10 https : / / docs . google . com / spreadsheets / d / 1zLs
SW9CzqshL8ubb7K5R9987jF4YGDVAW _ NBw1hR2aQ /
[9] [10]
Overfull \hbox (5.65984pt too wide) in paragraph at lines 621--627
[]\T1/ptm/m/n/10 A \T1/zi4/m/n/10 data.frame \T1/ptm/m/n/10 with columns \T1/zi
4/m/n/10 key\T1/ptm/m/n/10 , \T1/zi4/m/n/10 item\T1/ptm/m/n/10 , \T1/zi4/m/n/10
 tau\T1/ptm/m/n/10 , \T1/zi4/m/n/10 instrument\T1/ptm/m/n/10 , \T1/zi4/m/n/10 d
omain\T1/ptm/m/n/10 , \T1/zi4/m/n/10 mode\T1/ptm/m/n/10 , \T1/zi4/m/n/10 number


Overfull \hbox (86.24933pt too wide) in paragraph at lines 621--627
\T1/ptm/m/n/10 and \T1/zi4/m/n/10 label\T1/ptm/m/n/10 . Only columns \T1/zi4/m/
n/10 item \T1/ptm/m/n/10 and \T1/zi4/m/n/10 tau \T1/ptm/m/n/10 are re-quired. T
he func-tion uses \T1/zi4/m/n/10 dscore::builtin_itembank

Overfull \hbox (18.91899pt too wide) in paragraph at lines 631--639
\T1/ptm/m/n/10 dependent prior mean in-ter-nally ac-cord-ing to func-tion \T1/z
i4/m/n/10 dscore:::count_mu_gcdg()\T1/ptm/m/n/10 .

Overfull \hbox (9.43916pt too wide) in paragraph at lines 631--639
\T1/ptm/m/n/10 The choice \T1/zi4/m/n/10 prior_mean = ".dutch" \T1/ptm/m/n/10 c
al-cu-lates \T1/zi4/m/n/10 prior_mean \T1/ptm/m/n/10 from the Count model

Overfull \hbox (0.62808pt too wide) in paragraph at lines 653--655
[]\T1/ptm/m/n/10 A string de-scrib-ing the pop-u-la-tion. Cur-rently sup-ported
 are \T1/zi4/m/n/10 "dutch" \T1/ptm/m/n/10 and \T1/zi4/m/n/10 "gcdg"

Underfull \vbox (badness 10000) has occurred while \output is active [11]
Overfull \hbox (36.47795pt too wide) in paragraph at lines 685--694
\T1/ptm/m/n/10 D-score as a func-tion of age. The Count mod-els are stored as i
n-ter-nal func-tions \T1/zi4/m/n/10 dscore:::count_mu_gcdg()

Overfull \hbox (7.05905pt too wide) in paragraph at lines 710--715
[]\T1/ptm/m/n/10 The \T1/zi4/m/n/10 dscore_posterior() \T1/ptm/m/n/10 func-tion
 re-turns a nu-meric ma-trix with \T1/zi4/m/n/10 nrow(data) \T1/ptm/m/n/10 rows
 and \T1/zi4/m/n/10 length(qp)
[12]
Overfull \hbox (24.2783pt too wide) in paragraph at lines 803--805
[]\T1/ptm/m/n/10 Numeric vec-tor with re-quested per-centiles (0-100). The de-f
ault is \T1/zi4/m/n/10 pct = c(10,50,90)\T1/ptm/m/n/10 . 

Overfull \hbox (0.62808pt too wide) in paragraph at lines 815--817
[]\T1/ptm/m/n/10 A string de-scrib-ing the pop-u-la-tion. Cur-rently sup-ported
 are \T1/zi4/m/n/10 "dutch" \T1/ptm/m/n/10 and \T1/zi4/m/n/10 "gcdg"
[13]
Overfull \hbox (0.17859pt too wide) in paragraph at lines 886--889
[]\T1/ptm/m/n/10 A \T1/zi4/m/n/10 data.frame \T1/ptm/m/n/10 set up ac-cord-ing 
to the same struc-ture as [][]\T1/zi4/m/n/10 builtin_itemtable()[][][]\T1/ptm/m
/n/10 .
[14]
Overfull \hbox (9.38753pt too wide) in paragraph at lines 936--941
\T1/ptm/m/n/10 items: a name, the equate group, the in-stru-ment, the do-main a
nd the item la-bel. The \T1/zi4/m/n/10 get_itemtable()
[15]
Overfull \hbox (0.17859pt too wide) in paragraph at lines 954--957
[]\T1/ptm/m/n/10 A \T1/zi4/m/n/10 data.frame \T1/ptm/m/n/10 set up ac-cord-ing 
to the same struc-ture as [][]\T1/zi4/m/n/10 builtin_itemtable()[][][]\T1/ptm/m
/n/10 .

Overfull \hbox (0.17859pt too wide) in paragraph at lines 989--992
[]\T1/ptm/m/n/10 A \T1/zi4/m/n/10 data.frame \T1/ptm/m/n/10 set up ac-cord-ing 
to the same struc-ture as [][]\T1/zi4/m/n/10 builtin_itemtable()[][][]\T1/ptm/m
/n/10 .
[16]
Overfull \hbox (0.62808pt too wide) in paragraph at lines 1025--1027
[]\T1/ptm/m/n/10 A string de-scrib-ing the pop-u-la-tion. Cur-rently sup-ported
 are \T1/zi4/m/n/10 "dutch" \T1/ptm/m/n/10 and \T1/zi4/m/n/10 "gcdg"
[17]
Overfull \hbox (5.65984pt too wide) in paragraph at lines 1094--1100
[]\T1/ptm/m/n/10 A \T1/zi4/m/n/10 data.frame \T1/ptm/m/n/10 with columns \T1/zi
4/m/n/10 key\T1/ptm/m/n/10 , \T1/zi4/m/n/10 item\T1/ptm/m/n/10 , \T1/zi4/m/n/10
 tau\T1/ptm/m/n/10 , \T1/zi4/m/n/10 instrument\T1/ptm/m/n/10 , \T1/zi4/m/n/10 d
omain\T1/ptm/m/n/10 , \T1/zi4/m/n/10 mode\T1/ptm/m/n/10 , \T1/zi4/m/n/10 number


Overfull \hbox (86.24933pt too wide) in paragraph at lines 1094--1100
\T1/ptm/m/n/10 and \T1/zi4/m/n/10 label\T1/ptm/m/n/10 . Only columns \T1/zi4/m/
n/10 item \T1/ptm/m/n/10 and \T1/zi4/m/n/10 tau \T1/ptm/m/n/10 are re-quired. T
he func-tion uses \T1/zi4/m/n/10 dscore::builtin_itembank
[18] [19] [20]
Overfull \hbox (24.78088pt too wide) in paragraph at lines 1293--1294
[][][]$\T1/zi4/m/n/10 https : / / docs . google . com / spreadsheets / d / 1zLs
SW9CzqshL8ubb7K5R9987jF4YGDVAW _ NBw1hR2aQ /
[21]
Overfull \hbox (2.94893pt too wide) in paragraph at lines 1336--1340
[]\T1/zi4/m/n/10 sort_itemnames() \T1/ptm/m/n/10 re-turn a char-ac-ter vec-tor 
with \T1/zi4/m/n/10 length(x) \T1/ptm/m/n/10 sorted el-e-ments. \T1/zi4/m/n/10 
order_itemnames()
No file Rd2.ind.
[22] (./Rd2.aux)

Package rerunfilecheck Warning: File `Rd2.out' has changed.
(rerunfilecheck)                Rerun to get outlines right
(rerunfilecheck)                or use package `bookmark'.

 )
(see the transcript file for additional information)pdfTeX warning (dest): name
{Rfn.sirt::rasch.pairwise.itemcluster\(\)} has been referenced but does not exi
st, replaced by a fixed one

{/usr/local/texlive/2019/texmf-dist/fonts/enc/dvips/base/8r.enc}{/usr/local/tex
live/2019/texmf-dist/fonts/enc/dvips/inconsolata/i4-t1-0.enc}</usr/local/texliv
e/2019/texmf-dist/fonts/type1/public/inconsolata/Inconsolata-zi4r.pfb></usr/loc
al/texlive/2019/texmf-dist/fonts/type1/urw/helvetic/uhvr8a.pfb></usr/local/texl
ive/2019/texmf-dist/fonts/type1/urw/times/utmb8a.pfb></usr/local/texlive/2019/t
exmf-dist/fonts/type1/urw/times/utmr8a.pfb></usr/local/texlive/2019/texmf-dist/
fonts/type1/urw/times/utmr8a.pfb></usr/local/texlive/2019/texmf-dist/fonts/type
1/urw/times/utmri8a.pfb>
Output written on Rd2.pdf (22 pages, 129148 bytes).
Transcript written on Rd2.log.
This is makeindex, version 2.15 [TeX Live 2019] (kpathsea + Thai support).
Scanning input file Rd2.idx....done (74 entries accepted, 0 rejected).
Sorting entries....done (479 comparisons).
Generating output file Rd2.ind....done (105 lines written, 0 warnings).
Output written in Rd2.ind.
Transcript written in Rd2.ilg.
This is pdfTeX, Version 3.14159265-2.6-1.40.20 (TeX Live 2019) (preloaded format=pdflatex)
 restricted \write18 enabled.
entering extended mode
LaTeX2e <2018-12-01>
(./Rd2.tex
(/usr/local/texlive/2019/texmf-dist/tex/latex/base/book.cls
Document Class: book 2018/09/03 v1.4i Standard LaTeX document class
(/usr/local/texlive/2019/texmf-dist/tex/latex/base/bk10.clo))
(/Library/Frameworks/R.framework/Resources/share/texmf/tex/latex/Rd.sty
(/usr/local/texlive/2019/texmf-dist/tex/latex/base/ifthen.sty)
(/usr/local/texlive/2019/texmf-dist/tex/latex/tools/longtable.sty)
(/usr/local/texlive/2019/texmf-dist/tex/latex/tools/bm.sty)
(/usr/local/texlive/2019/texmf-dist/tex/latex/base/alltt.sty)
(/usr/local/texlive/2019/texmf-dist/tex/latex/tools/verbatim.sty)
(/usr/local/texlive/2019/texmf-dist/tex/latex/url/url.sty)
(/usr/local/texlive/2019/texmf-dist/tex/latex/base/textcomp.sty
(/usr/local/texlive/2019/texmf-dist/tex/latex/base/ts1enc.def
(/usr/local/texlive/2019/texmf-dist/tex/latex/base/ts1enc.dfu)))
(/usr/local/texlive/2019/texmf-dist/tex/latex/base/fontenc.sty
(/usr/local/texlive/2019/texmf-dist/tex/latex/base/t1enc.def))
(/usr/local/texlive/2019/texmf-dist/tex/latex/psnfss/times.sty)
(/usr/local/texlive/2019/texmf-dist/tex/latex/inconsolata/zi4.sty
`inconsolata-zi4' v1.112, 2017/01/04 Text macros for Inconsolata (msharpe)
(/usr/local/texlive/2019/texmf-dist/tex/latex/xkeyval/xkeyval.sty
(/usr/local/texlive/2019/texmf-dist/tex/generic/xkeyval/xkeyval.tex
(/usr/local/texlive/2019/texmf-dist/tex/generic/xkeyval/xkvutils.tex
(/usr/local/texlive/2019/texmf-dist/tex/generic/xkeyval/keyval.tex)))))
(/usr/local/texlive/2019/texmf-dist/tex/latex/graphics/color.sty
(/usr/local/texlive/2019/texmf-dist/tex/latex/graphics-cfg/color.cfg)
(/usr/local/texlive/2019/texmf-dist/tex/latex/graphics-def/pdftex.def))
(/usr/local/texlive/2019/texmf-dist/tex/latex/hyperref/hyperref.sty
(/usr/local/texlive/2019/texmf-dist/tex/generic/oberdiek/hobsub-hyperref.sty
(/usr/local/texlive/2019/texmf-dist/tex/generic/oberdiek/hobsub-generic.sty))
(/usr/local/texlive/2019/texmf-dist/tex/generic/ifxetex/ifxetex.sty)
(/usr/local/texlive/2019/texmf-dist/tex/latex/oberdiek/auxhook.sty)
(/usr/local/texlive/2019/texmf-dist/tex/latex/oberdiek/kvoptions.sty)
(/usr/local/texlive/2019/texmf-dist/tex/latex/hyperref/pd1enc.def)
(/usr/local/texlive/2019/texmf-dist/tex/latex/latexconfig/hyperref.cfg))
(/usr/local/texlive/2019/texmf-dist/tex/latex/hyperref/hpdftex.def
(/usr/local/texlive/2019/texmf-dist/tex/latex/oberdiek/rerunfilecheck.sty))

Package hyperref Warning: Option `hyperindex' has already been used,
(hyperref)                setting the option has no effect on input line 377.


Package hyperref Warning: Option `pagebackref' has already been used,
(hyperref)                setting the option has no effect on input line 377.

) (/usr/local/texlive/2019/texmf-dist/tex/latex/base/makeidx.sty)
(/usr/local/texlive/2019/texmf-dist/tex/latex/base/inputenc.sty)
Writing index file Rd2.idx
(./Rd2.aux) (/usr/local/texlive/2019/texmf-dist/tex/latex/base/ts1cmr.fd)
(/usr/local/texlive/2019/texmf-dist/tex/latex/psnfss/t1ptm.fd)
(/usr/local/texlive/2019/texmf-dist/tex/context/base/mkii/supp-pdf.mkii
[Loading MPS to PDF converter (version 2006.09.02).]
) (/usr/local/texlive/2019/texmf-dist/tex/latex/hyperref/nameref.sty
(/usr/local/texlive/2019/texmf-dist/tex/generic/oberdiek/gettitlestring.sty))
(./Rd2.out) (./Rd2.out)
(/usr/local/texlive/2019/texmf-dist/tex/latex/inconsolata/t1zi4.fd)
(/usr/local/texlive/2019/texmf-dist/tex/latex/psnfss/t1phv.fd) (./Rd2.toc
[1{/usr/local/texlive/2019/texmf-var/fonts/map/pdftex/updmap/pdftex.map}])
[2]
Overfull \hbox (346.59799pt too wide) in alignment at lines 91--91
 [] [] 

Overfull \hbox (3.71786pt too wide) in paragraph at lines 101--118
\T1/ptm/m/n/10 Rubio-Codina, Nor-bert Schady, Lim-bika Sen-gani, Chris Sud-feld
, Mar-cus Wald-man, Su-san P. Walker,
[3] [4] [5] [6] [7]
Overfull \hbox (24.37766pt too wide) in paragraph at lines 443--447
[]\T1/ptm/m/n/10 A \T1/zi4/m/n/10 data.frame \T1/ptm/m/n/10 with the LMS ref-er
-ence val-ues. The de-fault uses the \T1/zi4/m/n/10 get_reference()
[8] [9]
Overfull \hbox (24.78088pt too wide) in paragraph at lines 535--536
[][][]$\T1/zi4/m/n/10 https : / / docs . google . com / spreadsheets / d / 1zLs
SW9CzqshL8ubb7K5R9987jF4YGDVAW _ NBw1hR2aQ /
[10]
Overfull \hbox (5.65984pt too wide) in paragraph at lines 621--627
[]\T1/ptm/m/n/10 A \T1/zi4/m/n/10 data.frame \T1/ptm/m/n/10 with columns \T1/zi
4/m/n/10 key\T1/ptm/m/n/10 , \T1/zi4/m/n/10 item\T1/ptm/m/n/10 , \T1/zi4/m/n/10
 tau\T1/ptm/m/n/10 , \T1/zi4/m/n/10 instrument\T1/ptm/m/n/10 , \T1/zi4/m/n/10 d
omain\T1/ptm/m/n/10 , \T1/zi4/m/n/10 mode\T1/ptm/m/n/10 , \T1/zi4/m/n/10 number


Overfull \hbox (86.24933pt too wide) in paragraph at lines 621--627
\T1/ptm/m/n/10 and \T1/zi4/m/n/10 label\T1/ptm/m/n/10 . Only columns \T1/zi4/m/
n/10 item \T1/ptm/m/n/10 and \T1/zi4/m/n/10 tau \T1/ptm/m/n/10 are re-quired. T
he func-tion uses \T1/zi4/m/n/10 dscore::builtin_itembank

Overfull \hbox (18.91899pt too wide) in paragraph at lines 631--639
\T1/ptm/m/n/10 dependent prior mean in-ter-nally ac-cord-ing to func-tion \T1/z
i4/m/n/10 dscore:::count_mu_gcdg()\T1/ptm/m/n/10 .

Overfull \hbox (9.43916pt too wide) in paragraph at lines 631--639
\T1/ptm/m/n/10 The choice \T1/zi4/m/n/10 prior_mean = ".dutch" \T1/ptm/m/n/10 c
al-cu-lates \T1/zi4/m/n/10 prior_mean \T1/ptm/m/n/10 from the Count model
[11]
Overfull \hbox (0.62808pt too wide) in paragraph at lines 653--655
[]\T1/ptm/m/n/10 A string de-scrib-ing the pop-u-la-tion. Cur-rently sup-ported
 are \T1/zi4/m/n/10 "dutch" \T1/ptm/m/n/10 and \T1/zi4/m/n/10 "gcdg"

Overfull \hbox (36.47795pt too wide) in paragraph at lines 685--694
\T1/ptm/m/n/10 D-score as a func-tion of age. The Count mod-els are stored as i
n-ter-nal func-tions \T1/zi4/m/n/10 dscore:::count_mu_gcdg()

Overfull \hbox (7.05905pt too wide) in paragraph at lines 710--715
[]\T1/ptm/m/n/10 The \T1/zi4/m/n/10 dscore_posterior() \T1/ptm/m/n/10 func-tion
 re-turns a nu-meric ma-trix with \T1/zi4/m/n/10 nrow(data) \T1/ptm/m/n/10 rows
 and \T1/zi4/m/n/10 length(qp)

Underfull \vbox (badness 10000) has occurred while \output is active [12]
[13]
Overfull \hbox (24.2783pt too wide) in paragraph at lines 803--805
[]\T1/ptm/m/n/10 Numeric vec-tor with re-quested per-centiles (0-100). The de-f
ault is \T1/zi4/m/n/10 pct = c(10,50,90)\T1/ptm/m/n/10 . 

Overfull \hbox (0.62808pt too wide) in paragraph at lines 815--817
[]\T1/ptm/m/n/10 A string de-scrib-ing the pop-u-la-tion. Cur-rently sup-ported
 are \T1/zi4/m/n/10 "dutch" \T1/ptm/m/n/10 and \T1/zi4/m/n/10 "gcdg"
[14]
Overfull \hbox (0.17859pt too wide) in paragraph at lines 886--889
[]\T1/ptm/m/n/10 A \T1/zi4/m/n/10 data.frame \T1/ptm/m/n/10 set up ac-cord-ing 
to the same struc-ture as [][]\T1/zi4/m/n/10 builtin_itemtable()[][][]\T1/ptm/m
/n/10 .
[15]
Overfull \hbox (9.38753pt too wide) in paragraph at lines 936--941
\T1/ptm/m/n/10 items: a name, the equate group, the in-stru-ment, the do-main a
nd the item la-bel. The \T1/zi4/m/n/10 get_itemtable()

Overfull \hbox (0.17859pt too wide) in paragraph at lines 954--957
[]\T1/ptm/m/n/10 A \T1/zi4/m/n/10 data.frame \T1/ptm/m/n/10 set up ac-cord-ing 
to the same struc-ture as [][]\T1/zi4/m/n/10 builtin_itemtable()[][][]\T1/ptm/m
/n/10 .
[16]
Overfull \hbox (0.17859pt too wide) in paragraph at lines 989--992
[]\T1/ptm/m/n/10 A \T1/zi4/m/n/10 data.frame \T1/ptm/m/n/10 set up ac-cord-ing 
to the same struc-ture as [][]\T1/zi4/m/n/10 builtin_itemtable()[][][]\T1/ptm/m
/n/10 .

Overfull \hbox (0.62808pt too wide) in paragraph at lines 1025--1027
[]\T1/ptm/m/n/10 A string de-scrib-ing the pop-u-la-tion. Cur-rently sup-ported
 are \T1/zi4/m/n/10 "dutch" \T1/ptm/m/n/10 and \T1/zi4/m/n/10 "gcdg"
[17]
Overfull \hbox (5.65984pt too wide) in paragraph at lines 1094--1100
[]\T1/ptm/m/n/10 A \T1/zi4/m/n/10 data.frame \T1/ptm/m/n/10 with columns \T1/zi
4/m/n/10 key\T1/ptm/m/n/10 , \T1/zi4/m/n/10 item\T1/ptm/m/n/10 , \T1/zi4/m/n/10
 tau\T1/ptm/m/n/10 , \T1/zi4/m/n/10 instrument\T1/ptm/m/n/10 , \T1/zi4/m/n/10 d
omain\T1/ptm/m/n/10 , \T1/zi4/m/n/10 mode\T1/ptm/m/n/10 , \T1/zi4/m/n/10 number


Overfull \hbox (86.24933pt too wide) in paragraph at lines 1094--1100
\T1/ptm/m/n/10 and \T1/zi4/m/n/10 label\T1/ptm/m/n/10 . Only columns \T1/zi4/m/
n/10 item \T1/ptm/m/n/10 and \T1/zi4/m/n/10 tau \T1/ptm/m/n/10 are re-quired. T
he func-tion uses \T1/zi4/m/n/10 dscore::builtin_itembank
[18] [19] [20] [21]
Overfull \hbox (24.78088pt too wide) in paragraph at lines 1293--1294
[][][]$\T1/zi4/m/n/10 https : / / docs . google . com / spreadsheets / d / 1zLs
SW9CzqshL8ubb7K5R9987jF4YGDVAW _ NBw1hR2aQ /

Overfull \hbox (2.94893pt too wide) in paragraph at lines 1336--1340
[]\T1/zi4/m/n/10 sort_itemnames() \T1/ptm/m/n/10 re-turn a char-ac-ter vec-tor 
with \T1/zi4/m/n/10 length(x) \T1/ptm/m/n/10 sorted el-e-ments. \T1/zi4/m/n/10 
order_itemnames()
(./Rd2.ind [22]

LaTeX Font Warning: Font shape `T1/zi4/m/it' undefined
(Font)              using `T1/zi4/m/n' instead on input line 44.

[23]) (./Rd2.aux)

Package rerunfilecheck Warning: File `Rd2.out' has changed.
(rerunfilecheck)                Rerun to get outlines right
(rerunfilecheck)                or use package `bookmark'.


LaTeX Font Warning: Some font shapes were not available, defaults substituted.

 )
(see the transcript file for additional information)pdfTeX warning (dest): name
{Rfn.sirt::rasch.pairwise.itemcluster\(\)} has been referenced but does not exi
st, replaced by a fixed one

{/usr/local/texlive/2019/texmf-dist/fonts/enc/dvips/base/8r.enc}{/usr/local/tex
live/2019/texmf-dist/fonts/enc/dvips/inconsolata/i4-t1-0.enc}</usr/local/texliv
e/2019/texmf-dist/fonts/type1/public/inconsolata/Inconsolata-zi4r.pfb></usr/loc
al/texlive/2019/texmf-dist/fonts/type1/public/amsfonts/cm/cmsy10.pfb></usr/loca
l/texlive/2019/texmf-dist/fonts/type1/urw/helvetic/uhvr8a.pfb></usr/local/texli
ve/2019/texmf-dist/fonts/type1/urw/times/utmb8a.pfb></usr/local/texlive/2019/te
xmf-dist/fonts/type1/urw/times/utmr8a.pfb></usr/local/texlive/2019/texmf-dist/f
onts/type1/urw/times/utmr8a.pfb></usr/local/texlive/2019/texmf-dist/fonts/type1
/urw/times/utmri8a.pfb>
Output written on Rd2.pdf (23 pages, 143745 bytes).
Transcript written on Rd2.log.
This is makeindex, version 2.15 [TeX Live 2019] (kpathsea + Thai support).
Scanning input file Rd2.idx....done (74 entries accepted, 0 rejected).
Sorting entries....done (468 comparisons).
Generating output file Rd2.ind....done (107 lines written, 0 warnings).
Output written in Rd2.ind.
Transcript written in Rd2.ilg.
This is pdfTeX, Version 3.14159265-2.6-1.40.20 (TeX Live 2019) (preloaded format=pdflatex)
 restricted \write18 enabled.
entering extended mode
LaTeX2e <2018-12-01>
(./Rd2.tex
(/usr/local/texlive/2019/texmf-dist/tex/latex/base/book.cls
Document Class: book 2018/09/03 v1.4i Standard LaTeX document class
(/usr/local/texlive/2019/texmf-dist/tex/latex/base/bk10.clo))
(/Library/Frameworks/R.framework/Resources/share/texmf/tex/latex/Rd.sty
(/usr/local/texlive/2019/texmf-dist/tex/latex/base/ifthen.sty)
(/usr/local/texlive/2019/texmf-dist/tex/latex/tools/longtable.sty)
(/usr/local/texlive/2019/texmf-dist/tex/latex/tools/bm.sty)
(/usr/local/texlive/2019/texmf-dist/tex/latex/base/alltt.sty)
(/usr/local/texlive/2019/texmf-dist/tex/latex/tools/verbatim.sty)
(/usr/local/texlive/2019/texmf-dist/tex/latex/url/url.sty)
(/usr/local/texlive/2019/texmf-dist/tex/latex/base/textcomp.sty
(/usr/local/texlive/2019/texmf-dist/tex/latex/base/ts1enc.def
(/usr/local/texlive/2019/texmf-dist/tex/latex/base/ts1enc.dfu)))
(/usr/local/texlive/2019/texmf-dist/tex/latex/base/fontenc.sty
(/usr/local/texlive/2019/texmf-dist/tex/latex/base/t1enc.def))
(/usr/local/texlive/2019/texmf-dist/tex/latex/psnfss/times.sty)
(/usr/local/texlive/2019/texmf-dist/tex/latex/inconsolata/zi4.sty
`inconsolata-zi4' v1.112, 2017/01/04 Text macros for Inconsolata (msharpe)
(/usr/local/texlive/2019/texmf-dist/tex/latex/xkeyval/xkeyval.sty
(/usr/local/texlive/2019/texmf-dist/tex/generic/xkeyval/xkeyval.tex
(/usr/local/texlive/2019/texmf-dist/tex/generic/xkeyval/xkvutils.tex
(/usr/local/texlive/2019/texmf-dist/tex/generic/xkeyval/keyval.tex)))))
(/usr/local/texlive/2019/texmf-dist/tex/latex/graphics/color.sty
(/usr/local/texlive/2019/texmf-dist/tex/latex/graphics-cfg/color.cfg)
(/usr/local/texlive/2019/texmf-dist/tex/latex/graphics-def/pdftex.def))
(/usr/local/texlive/2019/texmf-dist/tex/latex/hyperref/hyperref.sty
(/usr/local/texlive/2019/texmf-dist/tex/generic/oberdiek/hobsub-hyperref.sty
(/usr/local/texlive/2019/texmf-dist/tex/generic/oberdiek/hobsub-generic.sty))
(/usr/local/texlive/2019/texmf-dist/tex/generic/ifxetex/ifxetex.sty)
(/usr/local/texlive/2019/texmf-dist/tex/latex/oberdiek/auxhook.sty)
(/usr/local/texlive/2019/texmf-dist/tex/latex/oberdiek/kvoptions.sty)
(/usr/local/texlive/2019/texmf-dist/tex/latex/hyperref/pd1enc.def)
(/usr/local/texlive/2019/texmf-dist/tex/latex/latexconfig/hyperref.cfg))
(/usr/local/texlive/2019/texmf-dist/tex/latex/hyperref/hpdftex.def
(/usr/local/texlive/2019/texmf-dist/tex/latex/oberdiek/rerunfilecheck.sty))

Package hyperref Warning: Option `hyperindex' has already been used,
(hyperref)                setting the option has no effect on input line 377.


Package hyperref Warning: Option `pagebackref' has already been used,
(hyperref)                setting the option has no effect on input line 377.

) (/usr/local/texlive/2019/texmf-dist/tex/latex/base/makeidx.sty)
(/usr/local/texlive/2019/texmf-dist/tex/latex/base/inputenc.sty)
Writing index file Rd2.idx
(./Rd2.aux) (/usr/local/texlive/2019/texmf-dist/tex/latex/base/ts1cmr.fd)
(/usr/local/texlive/2019/texmf-dist/tex/latex/psnfss/t1ptm.fd)
(/usr/local/texlive/2019/texmf-dist/tex/context/base/mkii/supp-pdf.mkii
[Loading MPS to PDF converter (version 2006.09.02).]
) (/usr/local/texlive/2019/texmf-dist/tex/latex/hyperref/nameref.sty
(/usr/local/texlive/2019/texmf-dist/tex/generic/oberdiek/gettitlestring.sty))
(./Rd2.out) (./Rd2.out)
(/usr/local/texlive/2019/texmf-dist/tex/latex/inconsolata/t1zi4.fd)
(/usr/local/texlive/2019/texmf-dist/tex/latex/psnfss/t1phv.fd) (./Rd2.toc
[1{/usr/local/texlive/2019/texmf-var/fonts/map/pdftex/updmap/pdftex.map}])
[2]
Overfull \hbox (346.59799pt too wide) in alignment at lines 91--91
 [] [] 

Overfull \hbox (3.71786pt too wide) in paragraph at lines 101--118
\T1/ptm/m/n/10 Rubio-Codina, Nor-bert Schady, Lim-bika Sen-gani, Chris Sud-feld
, Mar-cus Wald-man, Su-san P. Walker,
[3] [4] [5] [6] [7]
Overfull \hbox (24.37766pt too wide) in paragraph at lines 443--447
[]\T1/ptm/m/n/10 A \T1/zi4/m/n/10 data.frame \T1/ptm/m/n/10 with the LMS ref-er
-ence val-ues. The de-fault uses the \T1/zi4/m/n/10 get_reference()
[8] [9]
Overfull \hbox (24.78088pt too wide) in paragraph at lines 535--536
[][][]$\T1/zi4/m/n/10 https : / / docs . google . com / spreadsheets / d / 1zLs
SW9CzqshL8ubb7K5R9987jF4YGDVAW _ NBw1hR2aQ /
[10]
Overfull \hbox (5.65984pt too wide) in paragraph at lines 621--627
[]\T1/ptm/m/n/10 A \T1/zi4/m/n/10 data.frame \T1/ptm/m/n/10 with columns \T1/zi
4/m/n/10 key\T1/ptm/m/n/10 , \T1/zi4/m/n/10 item\T1/ptm/m/n/10 , \T1/zi4/m/n/10
 tau\T1/ptm/m/n/10 , \T1/zi4/m/n/10 instrument\T1/ptm/m/n/10 , \T1/zi4/m/n/10 d
omain\T1/ptm/m/n/10 , \T1/zi4/m/n/10 mode\T1/ptm/m/n/10 , \T1/zi4/m/n/10 number


Overfull \hbox (86.24933pt too wide) in paragraph at lines 621--627
\T1/ptm/m/n/10 and \T1/zi4/m/n/10 label\T1/ptm/m/n/10 . Only columns \T1/zi4/m/
n/10 item \T1/ptm/m/n/10 and \T1/zi4/m/n/10 tau \T1/ptm/m/n/10 are re-quired. T
he func-tion uses \T1/zi4/m/n/10 dscore::builtin_itembank

Overfull \hbox (18.91899pt too wide) in paragraph at lines 631--639
\T1/ptm/m/n/10 dependent prior mean in-ter-nally ac-cord-ing to func-tion \T1/z
i4/m/n/10 dscore:::count_mu_gcdg()\T1/ptm/m/n/10 .

Overfull \hbox (9.43916pt too wide) in paragraph at lines 631--639
\T1/ptm/m/n/10 The choice \T1/zi4/m/n/10 prior_mean = ".dutch" \T1/ptm/m/n/10 c
al-cu-lates \T1/zi4/m/n/10 prior_mean \T1/ptm/m/n/10 from the Count model
[11]
Overfull \hbox (0.62808pt too wide) in paragraph at lines 653--655
[]\T1/ptm/m/n/10 A string de-scrib-ing the pop-u-la-tion. Cur-rently sup-ported
 are \T1/zi4/m/n/10 "dutch" \T1/ptm/m/n/10 and \T1/zi4/m/n/10 "gcdg"

Overfull \hbox (36.47795pt too wide) in paragraph at lines 685--694
\T1/ptm/m/n/10 D-score as a func-tion of age. The Count mod-els are stored as i
n-ter-nal func-tions \T1/zi4/m/n/10 dscore:::count_mu_gcdg()

Overfull \hbox (7.05905pt too wide) in paragraph at lines 710--715
[]\T1/ptm/m/n/10 The \T1/zi4/m/n/10 dscore_posterior() \T1/ptm/m/n/10 func-tion
 re-turns a nu-meric ma-trix with \T1/zi4/m/n/10 nrow(data) \T1/ptm/m/n/10 rows
 and \T1/zi4/m/n/10 length(qp)

Underfull \vbox (badness 10000) has occurred while \output is active [12]
[13]
Overfull \hbox (24.2783pt too wide) in paragraph at lines 803--805
[]\T1/ptm/m/n/10 Numeric vec-tor with re-quested per-centiles (0-100). The de-f
ault is \T1/zi4/m/n/10 pct = c(10,50,90)\T1/ptm/m/n/10 . 

Overfull \hbox (0.62808pt too wide) in paragraph at lines 815--817
[]\T1/ptm/m/n/10 A string de-scrib-ing the pop-u-la-tion. Cur-rently sup-ported
 are \T1/zi4/m/n/10 "dutch" \T1/ptm/m/n/10 and \T1/zi4/m/n/10 "gcdg"
[14]
Overfull \hbox (0.17859pt too wide) in paragraph at lines 886--889
[]\T1/ptm/m/n/10 A \T1/zi4/m/n/10 data.frame \T1/ptm/m/n/10 set up ac-cord-ing 
to the same struc-ture as [][]\T1/zi4/m/n/10 builtin_itemtable()[][][]\T1/ptm/m
/n/10 .
[15]
Overfull \hbox (9.38753pt too wide) in paragraph at lines 936--941
\T1/ptm/m/n/10 items: a name, the equate group, the in-stru-ment, the do-main a
nd the item la-bel. The \T1/zi4/m/n/10 get_itemtable()

Overfull \hbox (0.17859pt too wide) in paragraph at lines 954--957
[]\T1/ptm/m/n/10 A \T1/zi4/m/n/10 data.frame \T1/ptm/m/n/10 set up ac-cord-ing 
to the same struc-ture as [][]\T1/zi4/m/n/10 builtin_itemtable()[][][]\T1/ptm/m
/n/10 .
[16]
Overfull \hbox (0.17859pt too wide) in paragraph at lines 989--992
[]\T1/ptm/m/n/10 A \T1/zi4/m/n/10 data.frame \T1/ptm/m/n/10 set up ac-cord-ing 
to the same struc-ture as [][]\T1/zi4/m/n/10 builtin_itemtable()[][][]\T1/ptm/m
/n/10 .

Overfull \hbox (0.62808pt too wide) in paragraph at lines 1025--1027
[]\T1/ptm/m/n/10 A string de-scrib-ing the pop-u-la-tion. Cur-rently sup-ported
 are \T1/zi4/m/n/10 "dutch" \T1/ptm/m/n/10 and \T1/zi4/m/n/10 "gcdg"
[17]
Overfull \hbox (5.65984pt too wide) in paragraph at lines 1094--1100
[]\T1/ptm/m/n/10 A \T1/zi4/m/n/10 data.frame \T1/ptm/m/n/10 with columns \T1/zi
4/m/n/10 key\T1/ptm/m/n/10 , \T1/zi4/m/n/10 item\T1/ptm/m/n/10 , \T1/zi4/m/n/10
 tau\T1/ptm/m/n/10 , \T1/zi4/m/n/10 instrument\T1/ptm/m/n/10 , \T1/zi4/m/n/10 d
omain\T1/ptm/m/n/10 , \T1/zi4/m/n/10 mode\T1/ptm/m/n/10 , \T1/zi4/m/n/10 number


Overfull \hbox (86.24933pt too wide) in paragraph at lines 1094--1100
\T1/ptm/m/n/10 and \T1/zi4/m/n/10 label\T1/ptm/m/n/10 . Only columns \T1/zi4/m/
n/10 item \T1/ptm/m/n/10 and \T1/zi4/m/n/10 tau \T1/ptm/m/n/10 are re-quired. T
he func-tion uses \T1/zi4/m/n/10 dscore::builtin_itembank
[18] [19] [20] [21]
Overfull \hbox (24.78088pt too wide) in paragraph at lines 1293--1294
[][][]$\T1/zi4/m/n/10 https : / / docs . google . com / spreadsheets / d / 1zLs
SW9CzqshL8ubb7K5R9987jF4YGDVAW _ NBw1hR2aQ /

Overfull \hbox (2.94893pt too wide) in paragraph at lines 1336--1340
[]\T1/zi4/m/n/10 sort_itemnames() \T1/ptm/m/n/10 re-turn a char-ac-ter vec-tor 
with \T1/zi4/m/n/10 length(x) \T1/ptm/m/n/10 sorted el-e-ments. \T1/zi4/m/n/10 
order_itemnames()
(./Rd2.ind [22]

LaTeX Font Warning: Font shape `T1/zi4/m/it' undefined
(Font)              using `T1/zi4/m/n' instead on input line 46.

[23]) (./Rd2.aux)

LaTeX Font Warning: Some font shapes were not available, defaults substituted.

 )
(see the transcript file for additional information)pdfTeX warning (dest): name
{Rfn.sirt::rasch.pairwise.itemcluster\(\)} has been referenced but does not exi
st, replaced by a fixed one

{/usr/local/texlive/2019/texmf-dist/fonts/enc/dvips/base/8r.enc}{/usr/local/tex
live/2019/texmf-dist/fonts/enc/dvips/inconsolata/i4-t1-0.enc}</usr/local/texliv
e/2019/texmf-dist/fonts/type1/public/inconsolata/Inconsolata-zi4r.pfb></usr/loc
al/texlive/2019/texmf-dist/fonts/type1/public/amsfonts/cm/cmsy10.pfb></usr/loca
l/texlive/2019/texmf-dist/fonts/type1/urw/helvetic/uhvr8a.pfb></usr/local/texli
ve/2019/texmf-dist/fonts/type1/urw/times/utmb8a.pfb></usr/local/texlive/2019/te
xmf-dist/fonts/type1/urw/times/utmr8a.pfb></usr/local/texlive/2019/texmf-dist/f
onts/type1/urw/times/utmr8a.pfb></usr/local/texlive/2019/texmf-dist/fonts/type1
/urw/times/utmri8a.pfb>
Output written on Rd2.pdf (23 pages, 144739 bytes).
Transcript written on Rd2.log.
This is makeindex, version 2.15 [TeX Live 2019] (kpathsea + Thai support).
Scanning input file Rd2.idx....done (74 entries accepted, 0 rejected).
Sorting entries....done (468 comparisons).
Generating output file Rd2.ind....done (107 lines written, 0 warnings).
Output written in Rd2.ind.
Transcript written in Rd2.ilg.
This is pdfTeX, Version 3.14159265-2.6-1.40.20 (TeX Live 2019) (preloaded format=pdflatex)
 restricted \write18 enabled.
entering extended mode
LaTeX2e <2018-12-01>
(./Rd2.tex
(/usr/local/texlive/2019/texmf-dist/tex/latex/base/book.cls
Document Class: book 2018/09/03 v1.4i Standard LaTeX document class
(/usr/local/texlive/2019/texmf-dist/tex/latex/base/bk10.clo))
(/Library/Frameworks/R.framework/Resources/share/texmf/tex/latex/Rd.sty
(/usr/local/texlive/2019/texmf-dist/tex/latex/base/ifthen.sty)
(/usr/local/texlive/2019/texmf-dist/tex/latex/tools/longtable.sty)
(/usr/local/texlive/2019/texmf-dist/tex/latex/tools/bm.sty)
(/usr/local/texlive/2019/texmf-dist/tex/latex/base/alltt.sty)
(/usr/local/texlive/2019/texmf-dist/tex/latex/tools/verbatim.sty)
(/usr/local/texlive/2019/texmf-dist/tex/latex/url/url.sty)
(/usr/local/texlive/2019/texmf-dist/tex/latex/base/textcomp.sty
(/usr/local/texlive/2019/texmf-dist/tex/latex/base/ts1enc.def
(/usr/local/texlive/2019/texmf-dist/tex/latex/base/ts1enc.dfu)))
(/usr/local/texlive/2019/texmf-dist/tex/latex/base/fontenc.sty
(/usr/local/texlive/2019/texmf-dist/tex/latex/base/t1enc.def))
(/usr/local/texlive/2019/texmf-dist/tex/latex/psnfss/times.sty)
(/usr/local/texlive/2019/texmf-dist/tex/latex/inconsolata/zi4.sty
`inconsolata-zi4' v1.112, 2017/01/04 Text macros for Inconsolata (msharpe)
(/usr/local/texlive/2019/texmf-dist/tex/latex/xkeyval/xkeyval.sty
(/usr/local/texlive/2019/texmf-dist/tex/generic/xkeyval/xkeyval.tex
(/usr/local/texlive/2019/texmf-dist/tex/generic/xkeyval/xkvutils.tex
(/usr/local/texlive/2019/texmf-dist/tex/generic/xkeyval/keyval.tex)))))
(/usr/local/texlive/2019/texmf-dist/tex/latex/graphics/color.sty
(/usr/local/texlive/2019/texmf-dist/tex/latex/graphics-cfg/color.cfg)
(/usr/local/texlive/2019/texmf-dist/tex/latex/graphics-def/pdftex.def))
(/usr/local/texlive/2019/texmf-dist/tex/latex/hyperref/hyperref.sty
(/usr/local/texlive/2019/texmf-dist/tex/generic/oberdiek/hobsub-hyperref.sty
(/usr/local/texlive/2019/texmf-dist/tex/generic/oberdiek/hobsub-generic.sty))
(/usr/local/texlive/2019/texmf-dist/tex/generic/ifxetex/ifxetex.sty)
(/usr/local/texlive/2019/texmf-dist/tex/latex/oberdiek/auxhook.sty)
(/usr/local/texlive/2019/texmf-dist/tex/latex/oberdiek/kvoptions.sty)
(/usr/local/texlive/2019/texmf-dist/tex/latex/hyperref/pd1enc.def)
(/usr/local/texlive/2019/texmf-dist/tex/latex/latexconfig/hyperref.cfg))
(/usr/local/texlive/2019/texmf-dist/tex/latex/hyperref/hpdftex.def
(/usr/local/texlive/2019/texmf-dist/tex/latex/oberdiek/rerunfilecheck.sty))

Package hyperref Warning: Option `hyperindex' has already been used,
(hyperref)                setting the option has no effect on input line 377.


Package hyperref Warning: Option `pagebackref' has already been used,
(hyperref)                setting the option has no effect on input line 377.

) (/usr/local/texlive/2019/texmf-dist/tex/latex/base/makeidx.sty)
(/usr/local/texlive/2019/texmf-dist/tex/latex/base/inputenc.sty)
Writing index file Rd2.idx
(./Rd2.aux) (/usr/local/texlive/2019/texmf-dist/tex/latex/base/ts1cmr.fd)
(/usr/local/texlive/2019/texmf-dist/tex/latex/psnfss/t1ptm.fd)
(/usr/local/texlive/2019/texmf-dist/tex/context/base/mkii/supp-pdf.mkii
[Loading MPS to PDF converter (version 2006.09.02).]
) (/usr/local/texlive/2019/texmf-dist/tex/latex/hyperref/nameref.sty
(/usr/local/texlive/2019/texmf-dist/tex/generic/oberdiek/gettitlestring.sty))
(./Rd2.out) (./Rd2.out)
(/usr/local/texlive/2019/texmf-dist/tex/latex/inconsolata/t1zi4.fd)
(/usr/local/texlive/2019/texmf-dist/tex/latex/psnfss/t1phv.fd) (./Rd2.toc
[1{/usr/local/texlive/2019/texmf-var/fonts/map/pdftex/updmap/pdftex.map}])
[2]
Overfull \hbox (346.59799pt too wide) in alignment at lines 91--91
 [] [] 

Overfull \hbox (3.71786pt too wide) in paragraph at lines 101--118
\T1/ptm/m/n/10 Rubio-Codina, Nor-bert Schady, Lim-bika Sen-gani, Chris Sud-feld
, Mar-cus Wald-man, Su-san P. Walker,
[3] [4] [5] [6] [7]
Overfull \hbox (24.37766pt too wide) in paragraph at lines 443--447
[]\T1/ptm/m/n/10 A \T1/zi4/m/n/10 data.frame \T1/ptm/m/n/10 with the LMS ref-er
-ence val-ues. The de-fault uses the \T1/zi4/m/n/10 get_reference()
[8] [9]
Overfull \hbox (24.78088pt too wide) in paragraph at lines 535--536
[][][]$\T1/zi4/m/n/10 https : / / docs . google . com / spreadsheets / d / 1zLs
SW9CzqshL8ubb7K5R9987jF4YGDVAW _ NBw1hR2aQ /
[10]
Overfull \hbox (5.65984pt too wide) in paragraph at lines 621--627
[]\T1/ptm/m/n/10 A \T1/zi4/m/n/10 data.frame \T1/ptm/m/n/10 with columns \T1/zi
4/m/n/10 key\T1/ptm/m/n/10 , \T1/zi4/m/n/10 item\T1/ptm/m/n/10 , \T1/zi4/m/n/10
 tau\T1/ptm/m/n/10 , \T1/zi4/m/n/10 instrument\T1/ptm/m/n/10 , \T1/zi4/m/n/10 d
omain\T1/ptm/m/n/10 , \T1/zi4/m/n/10 mode\T1/ptm/m/n/10 , \T1/zi4/m/n/10 number


Overfull \hbox (86.24933pt too wide) in paragraph at lines 621--627
\T1/ptm/m/n/10 and \T1/zi4/m/n/10 label\T1/ptm/m/n/10 . Only columns \T1/zi4/m/
n/10 item \T1/ptm/m/n/10 and \T1/zi4/m/n/10 tau \T1/ptm/m/n/10 are re-quired. T
he func-tion uses \T1/zi4/m/n/10 dscore::builtin_itembank

Overfull \hbox (18.91899pt too wide) in paragraph at lines 631--639
\T1/ptm/m/n/10 dependent prior mean in-ter-nally ac-cord-ing to func-tion \T1/z
i4/m/n/10 dscore:::count_mu_gcdg()\T1/ptm/m/n/10 .

Overfull \hbox (9.43916pt too wide) in paragraph at lines 631--639
\T1/ptm/m/n/10 The choice \T1/zi4/m/n/10 prior_mean = ".dutch" \T1/ptm/m/n/10 c
al-cu-lates \T1/zi4/m/n/10 prior_mean \T1/ptm/m/n/10 from the Count model
[11]
Overfull \hbox (0.62808pt too wide) in paragraph at lines 653--655
[]\T1/ptm/m/n/10 A string de-scrib-ing the pop-u-la-tion. Cur-rently sup-ported
 are \T1/zi4/m/n/10 "dutch" \T1/ptm/m/n/10 and \T1/zi4/m/n/10 "gcdg"

Overfull \hbox (36.47795pt too wide) in paragraph at lines 685--694
\T1/ptm/m/n/10 D-score as a func-tion of age. The Count mod-els are stored as i
n-ter-nal func-tions \T1/zi4/m/n/10 dscore:::count_mu_gcdg()

Overfull \hbox (7.05905pt too wide) in paragraph at lines 710--715
[]\T1/ptm/m/n/10 The \T1/zi4/m/n/10 dscore_posterior() \T1/ptm/m/n/10 func-tion
 re-turns a nu-meric ma-trix with \T1/zi4/m/n/10 nrow(data) \T1/ptm/m/n/10 rows
 and \T1/zi4/m/n/10 length(qp)

Underfull \vbox (badness 10000) has occurred while \output is active [12]
[13]
Overfull \hbox (24.2783pt too wide) in paragraph at lines 803--805
[]\T1/ptm/m/n/10 Numeric vec-tor with re-quested per-centiles (0-100). The de-f
ault is \T1/zi4/m/n/10 pct = c(10,50,90)\T1/ptm/m/n/10 . 

Overfull \hbox (0.62808pt too wide) in paragraph at lines 815--817
[]\T1/ptm/m/n/10 A string de-scrib-ing the pop-u-la-tion. Cur-rently sup-ported
 are \T1/zi4/m/n/10 "dutch" \T1/ptm/m/n/10 and \T1/zi4/m/n/10 "gcdg"
[14]
Overfull \hbox (0.17859pt too wide) in paragraph at lines 886--889
[]\T1/ptm/m/n/10 A \T1/zi4/m/n/10 data.frame \T1/ptm/m/n/10 set up ac-cord-ing 
to the same struc-ture as [][]\T1/zi4/m/n/10 builtin_itemtable()[][][]\T1/ptm/m
/n/10 .
[15]
Overfull \hbox (9.38753pt too wide) in paragraph at lines 936--941
\T1/ptm/m/n/10 items: a name, the equate group, the in-stru-ment, the do-main a
nd the item la-bel. The \T1/zi4/m/n/10 get_itemtable()

Overfull \hbox (0.17859pt too wide) in paragraph at lines 954--957
[]\T1/ptm/m/n/10 A \T1/zi4/m/n/10 data.frame \T1/ptm/m/n/10 set up ac-cord-ing 
to the same struc-ture as [][]\T1/zi4/m/n/10 builtin_itemtable()[][][]\T1/ptm/m
/n/10 .
[16]
Overfull \hbox (0.17859pt too wide) in paragraph at lines 989--992
[]\T1/ptm/m/n/10 A \T1/zi4/m/n/10 data.frame \T1/ptm/m/n/10 set up ac-cord-ing 
to the same struc-ture as [][]\T1/zi4/m/n/10 builtin_itemtable()[][][]\T1/ptm/m
/n/10 .

Overfull \hbox (0.62808pt too wide) in paragraph at lines 1025--1027
[]\T1/ptm/m/n/10 A string de-scrib-ing the pop-u-la-tion. Cur-rently sup-ported
 are \T1/zi4/m/n/10 "dutch" \T1/ptm/m/n/10 and \T1/zi4/m/n/10 "gcdg"
[17]
Overfull \hbox (5.65984pt too wide) in paragraph at lines 1094--1100
[]\T1/ptm/m/n/10 A \T1/zi4/m/n/10 data.frame \T1/ptm/m/n/10 with columns \T1/zi
4/m/n/10 key\T1/ptm/m/n/10 , \T1/zi4/m/n/10 item\T1/ptm/m/n/10 , \T1/zi4/m/n/10
 tau\T1/ptm/m/n/10 , \T1/zi4/m/n/10 instrument\T1/ptm/m/n/10 , \T1/zi4/m/n/10 d
omain\T1/ptm/m/n/10 , \T1/zi4/m/n/10 mode\T1/ptm/m/n/10 , \T1/zi4/m/n/10 number


Overfull \hbox (86.24933pt too wide) in paragraph at lines 1094--1100
\T1/ptm/m/n/10 and \T1/zi4/m/n/10 label\T1/ptm/m/n/10 . Only columns \T1/zi4/m/
n/10 item \T1/ptm/m/n/10 and \T1/zi4/m/n/10 tau \T1/ptm/m/n/10 are re-quired. T
he func-tion uses \T1/zi4/m/n/10 dscore::builtin_itembank
[18] [19] [20] [21]
Overfull \hbox (24.78088pt too wide) in paragraph at lines 1293--1294
[][][]$\T1/zi4/m/n/10 https : / / docs . google . com / spreadsheets / d / 1zLs
SW9CzqshL8ubb7K5R9987jF4YGDVAW _ NBw1hR2aQ /

Overfull \hbox (2.94893pt too wide) in paragraph at lines 1336--1340
[]\T1/zi4/m/n/10 sort_itemnames() \T1/ptm/m/n/10 re-turn a char-ac-ter vec-tor 
with \T1/zi4/m/n/10 length(x) \T1/ptm/m/n/10 sorted el-e-ments. \T1/zi4/m/n/10 
order_itemnames()
(./Rd2.ind [22]

LaTeX Font Warning: Font shape `T1/zi4/m/it' undefined
(Font)              using `T1/zi4/m/n' instead on input line 46.

[23]) (./Rd2.aux)

LaTeX Font Warning: Some font shapes were not available, defaults substituted.

 )
(see the transcript file for additional information)pdfTeX warning (dest): name
{Rfn.sirt::rasch.pairwise.itemcluster\(\)} has been referenced but does not exi
st, replaced by a fixed one

{/usr/local/texlive/2019/texmf-dist/fonts/enc/dvips/base/8r.enc}{/usr/local/tex
live/2019/texmf-dist/fonts/enc/dvips/inconsolata/i4-t1-0.enc}</usr/local/texliv
e/2019/texmf-dist/fonts/type1/public/inconsolata/Inconsolata-zi4r.pfb></usr/loc
al/texlive/2019/texmf-dist/fonts/type1/public/amsfonts/cm/cmsy10.pfb></usr/loca
l/texlive/2019/texmf-dist/fonts/type1/urw/helvetic/uhvr8a.pfb></usr/local/texli
ve/2019/texmf-dist/fonts/type1/urw/times/utmb8a.pfb></usr/local/texlive/2019/te
xmf-dist/fonts/type1/urw/times/utmr8a.pfb></usr/local/texlive/2019/texmf-dist/f
onts/type1/urw/times/utmr8a.pfb></usr/local/texlive/2019/texmf-dist/fonts/type1
/urw/times/utmri8a.pfb>
Output written on Rd2.pdf (23 pages, 144742 bytes).
Transcript written on Rd2.log.
Saving output to ‘dscore-manual.pdf’ ...
Done
You may want to clean up by 'rm -Rf /var/folders/py/58s36gjn5kn9zw6rfr7mnx680000gn/T//RtmpEyx85v/Rd2pdf9611e4281be'
